[0910/210151.055:ERROR:file_io.cc(90)] ReadExactly: expected 36, observed 0
[0911/170945.975:ERROR:process_memory_win.cc(73)] ReadMemory at 0x7ff7c7650000 of 64 bytes failed: Only part of a ReadProcessMemory or WriteProcessMemory request was completed. (0x12B)
[0911/170946.467:WARNING:pe_image_reader.cc(340)] could not read dos header from C:\Program Files (x86)\Google\Chrome\Application\chrome.exe
[0911/170946.467:ERROR:process_memory_win.cc(73)] ReadMemory at 0x7ffe4bf40000 of 64 bytes failed: Only part of a ReadProcessMemory or WriteProcessMemory request was completed. (0x12B)
[0911/170946.467:WARNING:pe_image_reader.cc(340)] could not read dos header from C:\WINDOWS\SYSTEM32\ntdll.dll
[0911/170946.467:ERROR:process_memory_win.cc(73)] ReadMemory at 0x7ffe4b920000 of 64 bytes failed: Only part of a ReadProcessMemory or WriteProcessMemory request was completed. (0x12B)
[0911/170946.469:WARNING:pe_image_reader.cc(340)] could not read dos header from C:\WINDOWS\System32\KERNEL32.DLL
[0911/170946.469:ERROR:process_memory_win.cc(73)] ReadMemory at 0x7ffe48070000 of 64 bytes failed: Only part of a ReadProcessMemory or WriteProcessMemory request was completed. (0x12B)
[0911/170946.469:WARNING:pe_image_reader.cc(340)] could not read dos header from C:\WINDOWS\System32\KERNELBASE.dll
[0911/170946.469:ERROR:process_memory_win.cc(73)] ReadMemory at 0x7ffe1d2a0000 of 64 bytes failed: Only part of a ReadProcessMemory or WriteProcessMemory request was completed. (0x12B)
[0911/170946.469:WARNING:pe_image_reader.cc(340)] could not read dos header from C:\Program Files (x86)\Google\Chrome\Application\85.0.4183.102\chrome_elf.dll
[0911/170946.469:ERROR:process_memory_win.cc(73)] ReadMemory at 0x7ffe39800000 of 64 bytes failed: Only part of a ReadProcessMemory or WriteProcessMemory request was completed. (0x12B)
[0911/170946.469:WARNING:pe_image_reader.cc(340)] could not read dos header from C:\WINDOWS\SYSTEM32\VERSION.dll
[0911/170946.469:ERROR:process_memory_win.cc(73)] ReadMemory at 0x1ba4e880000 of 64 bytes failed: Only part of a ReadProcessMemory or WriteProcessMemory request was completed. (0x12B)
[0911/170946.469:WARNING:pe_image_reader.cc(340)] could not read dos header from C:\WINDOWS\System32\msvcrt.dll
[0911/170946.469:ERROR:process_memory_win.cc(73)] ReadMemory at 0x7ffe490e0000 of 64 bytes failed: Only part of a ReadProcessMemory or WriteProcessMemory request was completed. (0x12B)
[0911/170946.469:WARNING:pe_image_reader.cc(340)] could not read dos header from C:\WINDOWS\System32\bcryptPrimitives.dll
[0911/170946.469:ERROR:process_memory_win.cc(73)] ReadMemory at 0x7ffe4b5b0000 of 64 bytes failed: Only part of a ReadProcessMemory or WriteProcessMemory request was completed. (0x12B)
[0911/170946.469:WARNING:pe_image_reader.cc(340)] could not read dos header from C:\WINDOWS\System32\ADVAPI32.dll
[0911/170946.469:ERROR:process_memory_win.cc(73)] ReadMemory at 0x7ffe49460000 of 64 bytes failed: Only part of a ReadProcessMemory or WriteProcessMemory request was completed. (0x12B)
[0911/170946.469:WARNING:pe_image_reader.cc(340)] could not read dos header from C:\WINDOWS\System32\sechost.dll
[0911/170946.469:ERROR:process_memory_win.cc(73)] ReadMemory at 0x7ffe4bab0000 of 64 bytes failed: Only part of a ReadProcessMemory or WriteProcessMemory request was completed. (0x12B)
[0911/170946.469:WARNING:pe_image_reader.cc(340)] could not read dos header from C:\WINDOWS\System32\RPCRT4.dll
[0911/170946.470:ERROR:process_memory_win.cc(73)] ReadMemory at 0x7ffdd88d0000 of 64 bytes failed: Only part of a ReadProcessMemory or WriteProcessMemory request was completed. (0x12B)
[0911/170946.470:WARNING:pe_image_reader.cc(340)] could not read dos header from C:\Program Files (x86)\Google\Chrome\Application\85.0.4183.102\chrome.dll
[0911/170946.470:ERROR:process_memory_win.cc(73)] ReadMemory at 0x7ffe4b780000 of 64 bytes failed: Only part of a ReadProcessMemory or WriteProcessMemory request was completed. (0x12B)
[0911/170946.470:WARNING:pe_image_reader.cc(340)] could not read dos header from C:\WINDOWS\System32\WS2_32.dll
[0911/170946.470:ERROR:process_memory_win.cc(73)] ReadMemory at 0x7ffe49370000 of 64 bytes failed: Only part of a ReadProcessMemory or WriteProcessMemory request was completed. (0x12B)
[0911/170946.470:WARNING:pe_image_reader.cc(340)] could not read dos header from C:\WINDOWS\System32\OLEAUT32.dll
[0911/170946.470:ERROR:process_memory_win.cc(73)] ReadMemory at 0x7ffe488f0000 of 64 bytes failed: Only part of a ReadProcessMemory or WriteProcessMemory request was completed. (0x12B)
[0911/170946.470:WARNING:pe_image_reader.cc(340)] could not read dos header from C:\WINDOWS\System32\msvcp_win.dll
[0911/170946.470:ERROR:process_memory_win.cc(73)] ReadMemory at 0x7ffe48500000 of 64 bytes failed: Only part of a ReadProcessMemory or WriteProcessMemory request was completed. (0x12B)
[0911/170946.470:WARNING:pe_image_reader.cc(340)] could not read dos header from C:\WINDOWS\System32\ucrtbase.dll
[0911/170946.470:ERROR:process_memory_win.cc(73)] ReadMemory at 0x7ffe4bbe0000 of 64 bytes failed: Only part of a ReadProcessMemory or WriteProcessMemory request was completed. (0x12B)
[0911/170946.470:WARNING:pe_image_reader.cc(340)] could not read dos header from C:\WINDOWS\System32\combase.dll
[0911/170946.470:ERROR:process_memory_win.cc(73)] ReadMemory at 0x7ffe487e0000 of 64 bytes failed: Only part of a ReadProcessMemory or WriteProcessMemory request was completed. (0x12B)
[0911/170946.470:WARNING:pe_image_reader.cc(340)] could not read dos header from C:\WINDOWS\System32\WINTRUST.dll
[0911/170946.470:ERROR:process_memory_win.cc(73)] ReadMemory at 0x7ffe47f30000 of 64 bytes failed: Only part of a ReadProcessMemory or WriteProcessMemory request was completed. (0x12B)
[0911/170946.470:WARNING:pe_image_reader.cc(340)] could not read dos header from C:\WINDOWS\System32\MSASN1.dll
[0911/170946.470:ERROR:process_memory_win.cc(73)] ReadMemory at 0x7ffe48600000 of 64 bytes failed: Only part of a ReadProcessMemory or WriteProcessMemory request was completed. (0x12B)
[0911/170946.470:WARNING:pe_image_reader.cc(340)] could not read dos header from C:\WINDOWS\System32\CRYPT32.dll
[0911/170946.470:ERROR:process_memory_win.cc(73)] ReadMemory at 0x7ffe474c0000 of 64 bytes failed: Only part of a ReadProcessMemory or WriteProcessMemory request was completed. (0x12B)
[0911/170946.470:WARNING:pe_image_reader.cc(340)] could not read dos header from C:\WINDOWS\SYSTEM32\IPHLPAPI.DLL
[0911/170946.470:ERROR:process_memory_win.cc(73)] ReadMemory at 0x7ffe44930000 of 64 bytes failed: Only part of a ReadProcessMemory or WriteProcessMemory request was completed. (0x12B)
[0911/170946.470:WARNING:pe_image_reader.cc(340)] could not read dos header from C:\WINDOWS\SYSTEM32\WINMM.dll
[0911/170946.470:ERROR:process_memory_win.cc(73)] ReadMemory at 0x7ffe291d0000 of 64 bytes failed: Only part of a ReadProcessMemory or WriteProcessMemory request was completed. (0x12B)
[0911/170946.470:WARNING:pe_image_reader.cc(340)] could not read dos header from C:\WINDOWS\SYSTEM32\UIAutomationCore.DLL
[0911/170946.470:ERROR:process_memory_win.cc(73)] ReadMemory at 0x7ffe34c50000 of 64 bytes failed: Only part of a ReadProcessMemory or WriteProcessMemory request was completed. (0x12B)
[0911/170946.470:WARNING:pe_image_reader.cc(340)] could not read dos header from C:\WINDOWS\SYSTEM32\Secur32.dll
[0911/170946.470:ERROR:process_memory_win.cc(73)] ReadMemory at 0x7ffe47e60000 of 64 bytes failed: Only part of a ReadProcessMemory or WriteProcessMemory request was completed. (0x12B)
[0911/170946.470:WARNING:pe_image_reader.cc(340)] could not read dos header from C:\WINDOWS\SYSTEM32\USERENV.dll
[0911/170946.471:ERROR:process_memory_win.cc(73)] ReadMemory at 0x7ffe47fb0000 of 64 bytes failed: Only part of a ReadProcessMemory or WriteProcessMemory request was completed. (0x12B)
[0911/170946.471:WARNING:pe_image_reader.cc(340)] could not read dos header from C:\WINDOWS\System32\profapi.dll
[0911/170946.471:ERROR:process_memory_win.cc(73)] ReadMemory at 0x7ffe428e0000 of 64 bytes failed: Only part of a ReadProcessMemory or WriteProcessMemory request was completed. (0x12B)
[0911/170946.471:WARNING:pe_image_reader.cc(340)] could not read dos header from C:\WINDOWS\SYSTEM32\DWrite.dll
[0911/170946.471:ERROR:process_memory_win.cc(73)] ReadMemory at 0x7ffe379f0000 of 64 bytes failed: Only part of a ReadProcessMemory or WriteProcessMemory request was completed. (0x12B)
[0911/170946.471:WARNING:pe_image_reader.cc(340)] could not read dos header from C:\WINDOWS\SYSTEM32\WINSPOOL.DRV
[0911/170946.471:ERROR:process_memory_win.cc(73)] ReadMemory at 0x7ffe47fe0000 of 64 bytes failed: Only part of a ReadProcessMemory or WriteProcessMemory request was completed. (0x12B)
[0911/170946.471:WARNING:pe_image_reader.cc(340)] could not read dos header from C:\WINDOWS\System32\kernel.appcore.dll
[0911/170946.471:ERROR:process_memory_win.cc(73)] ReadMemory at 0x7ffe484b0000 of 64 bytes failed: Only part of a ReadProcessMemory or WriteProcessMemory request was completed. (0x12B)
[0911/170946.471:WARNING:pe_image_reader.cc(340)] could not read dos header from C:\WINDOWS\System32\bcrypt.dll
[0911/170946.471:ERROR:process_memory_win.cc(73)] ReadMemory at 0x7ffe45f70000 of 64 bytes failed: Only part of a ReadProcessMemory or WriteProcessMemory request was completed. (0x12B)
[0911/170946.471:WARNING:pe_image_reader.cc(340)] could not read dos header from C:\WINDOWS\SYSTEM32\dbghelp.dll
[0911/170946.471:ERROR:process_memory_win.cc(73)] ReadMemory at 0x7ffe37d40000 of 64 bytes failed: Only part of a ReadProcessMemory or WriteProcessMemory request was completed. (0x12B)
[0911/170946.471:WARNING:pe_image_reader.cc(340)] could not read dos header from C:\WINDOWS\SYSTEM32\WINHTTP.dll
[0911/170946.471:ERROR:process_memory_win.cc(73)] ReadMemory at 0x7ffe3cfb0000 of 64 bytes failed: Only part of a ReadProcessMemory or WriteProcessMemory request was completed. (0x12B)
[0911/170946.471:WARNING:pe_image_reader.cc(340)] could not read dos header from C:\WINDOWS\SYSTEM32\dhcpcsvc.DLL
[0911/170946.471:ERROR:process_memory_win.cc(73)] ReadMemory at 0x7ffe4b710000 of 64 bytes failed: Only part of a ReadProcessMemory or WriteProcessMemory request was completed. (0x12B)
[0911/170946.471:WARNING:pe_image_reader.cc(340)] could not read dos header from C:\WINDOWS\System32\NSI.dll
[0911/170946.471:ERROR:process_memory_win.cc(73)] ReadMemory at 0x7ffe44900000 of 64 bytes failed: Only part of a ReadProcessMemory or WriteProcessMemory request was completed. (0x12B)
[0911/170946.471:WARNING:pe_image_reader.cc(340)] could not read dos header from C:\WINDOWS\SYSTEM32\WINMMBASE.dll
[0911/170946.471:ERROR:process_memory_win.cc(73)] ReadMemory at 0x7ffe48020000 of 64 bytes failed: Only part of a ReadProcessMemory or WriteProcessMemory request was completed. (0x12B)
[0911/170946.471:WARNING:pe_image_reader.cc(340)] could not read dos header from C:\WINDOWS\System32\cfgmgr32.dll
[0911/170946.471:ERROR:process_memory_win.cc(73)] ReadMemory at 0x7ffe367e0000 of 64 bytes failed: Only part of a ReadProcessMemory or WriteProcessMemory request was completed. (0x12B)
[0911/170946.471:WARNING:pe_image_reader.cc(340)] could not read dos header from C:\WINDOWS\SYSTEM32\Bcp47Langs.dll
[0911/170946.471:ERROR:process_memory_win.cc(73)] ReadMemory at 0x7ffe44580000 of 64 bytes failed: Only part of a ReadProcessMemory or WriteProcessMemory request was completed. (0x12B)
[0911/170946.471:WARNING:pe_image_reader.cc(340)] could not read dos header from C:\WINDOWS\SYSTEM32\PROPSYS.dll
[0911/170946.471:ERROR:process_memory_win.cc(73)] ReadMemory at 0x7ffe49500000 of 64 bytes failed: Only part of a ReadProcessMemory or WriteProcessMemory request was completed. (0x12B)
[0911/170946.471:WARNING:pe_image_reader.cc(340)] could not read dos header from C:\WINDOWS\System32\shcore.dll
[0911/170946.471:ERROR:process_memory_win.cc(73)] ReadMemory at 0x7ffe47e30000 of 64 bytes failed: Only part of a ReadProcessMemory or WriteProcessMemory request was completed. (0x12B)
[0911/170946.471:WARNING:pe_image_reader.cc(340)] could not read dos header from C:\WINDOWS\SYSTEM32\SSPICLI.DLL
[0911/170946.472:ERROR:process_memory_win.cc(73)] ReadMemory at 0x7ffe47970000 of 64 bytes failed: Only part of a ReadProcessMemory or WriteProcessMemory request was completed. (0x12B)
[0911/170946.472:WARNING:pe_image_reader.cc(340)] could not read dos header from C:\WINDOWS\SYSTEM32\CRYPTBASE.DLL
[0911/170946.522:ERROR:process_memory_win.cc(73)] ReadMemory at 0x7ff7c7650000 of 64 bytes failed: Only part of a ReadProcessMemory or WriteProcessMemory request was completed. (0x12B)
[0911/170946.522:WARNING:pe_image_reader.cc(340)] could not read dos header from C:\Program Files (x86)\Google\Chrome\Application\chrome.exe
[0911/170946.522:ERROR:process_memory_win.cc(73)] ReadMemory at 0x7ffe4bf40000 of 64 bytes failed: Only part of a ReadProcessMemory or WriteProcessMemory request was completed. (0x12B)
[0911/170946.522:WARNING:pe_image_reader.cc(340)] could not read dos header from C:\WINDOWS\SYSTEM32\ntdll.dll
[0911/170946.522:ERROR:process_memory_win.cc(73)] ReadMemory at 0x7ffe4b920000 of 64 bytes failed: Only part of a ReadProcessMemory or WriteProcessMemory request was completed. (0x12B)
[0911/170946.522:WARNING:pe_image_reader.cc(340)] could not read dos header from C:\WINDOWS\System32\KERNEL32.DLL
[0911/170946.522:ERROR:process_memory_win.cc(73)] ReadMemory at 0x7ffe48070000 of 64 bytes failed: Only part of a ReadProcessMemory or WriteProcessMemory request was completed. (0x12B)
[0911/170946.522:WARNING:pe_image_reader.cc(340)] could not read dos header from C:\WINDOWS\System32\KERNELBASE.dll
[0911/170946.522:ERROR:process_memory_win.cc(73)] ReadMemory at 0x7ffe1d2a0000 of 64 bytes failed: Only part of a ReadProcessMemory or WriteProcessMemory request was completed. (0x12B)
[0911/170946.522:WARNING:pe_image_reader.cc(340)] could not read dos header from C:\Program Files (x86)\Google\Chrome\Application\85.0.4183.102\chrome_elf.dll
[0911/170946.523:ERROR:process_memory_win.cc(73)] ReadMemory at 0x7ffe39800000 of 64 bytes failed: Only part of a ReadProcessMemory or WriteProcessMemory request was completed. (0x12B)
[0911/170946.523:WARNING:pe_image_reader.cc(340)] could not read dos header from C:\WINDOWS\SYSTEM32\VERSION.dll
[0911/170946.523:ERROR:process_memory_win.cc(73)] ReadMemory at 0x1ba4e880000 of 64 bytes failed: Only part of a ReadProcessMemory or WriteProcessMemory request was completed. (0x12B)
[0911/170946.523:WARNING:pe_image_reader.cc(340)] could not read dos header from C:\WINDOWS\System32\msvcrt.dll
[0911/170946.523:ERROR:process_memory_win.cc(73)] ReadMemory at 0x7ffe490e0000 of 64 bytes failed: Only part of a ReadProcessMemory or WriteProcessMemory request was completed. (0x12B)
[0911/170946.523:WARNING:pe_image_reader.cc(340)] could not read dos header from C:\WINDOWS\System32\bcryptPrimitives.dll
[0911/170946.523:ERROR:process_memory_win.cc(73)] ReadMemory at 0x7ffe4b5b0000 of 64 bytes failed: Only part of a ReadProcessMemory or WriteProcessMemory request was completed. (0x12B)
[0911/170946.523:WARNING:pe_image_reader.cc(340)] could not read dos header from C:\WINDOWS\System32\ADVAPI32.dll
[0911/170946.523:ERROR:process_memory_win.cc(73)] ReadMemory at 0x7ffe49460000 of 64 bytes failed: Only part of a ReadProcessMemory or WriteProcessMemory request was completed. (0x12B)
[0911/170946.523:WARNING:pe_image_reader.cc(340)] could not read dos header from C:\WINDOWS\System32\sechost.dll
[0911/170946.523:ERROR:process_memory_win.cc(73)] ReadMemory at 0x7ffe4bab0000 of 64 bytes failed: Only part of a ReadProcessMemory or WriteProcessMemory request was completed. (0x12B)
[0911/170946.523:WARNING:pe_image_reader.cc(340)] could not read dos header from C:\WINDOWS\System32\RPCRT4.dll
[0911/170946.523:ERROR:process_memory_win.cc(73)] ReadMemory at 0x7ffdd88d0000 of 64 bytes failed: Only part of a ReadProcessMemory or WriteProcessMemory request was completed. (0x12B)
[0911/170946.523:WARNING:pe_image_reader.cc(340)] could not read dos header from C:\Program Files (x86)\Google\Chrome\Application\85.0.4183.102\chrome.dll
[0911/170946.523:ERROR:process_memory_win.cc(73)] ReadMemory at 0x7ffe4b780000 of 64 bytes failed: Only part of a ReadProcessMemory or WriteProcessMemory request was completed. (0x12B)
[0911/170946.524:WARNING:pe_image_reader.cc(340)] could not read dos header from C:\WINDOWS\System32\WS2_32.dll
[0911/170946.524:ERROR:process_memory_win.cc(73)] ReadMemory at 0x7ffe49370000 of 64 bytes failed: Only part of a ReadProcessMemory or WriteProcessMemory request was completed. (0x12B)
[0911/170946.524:WARNING:pe_image_reader.cc(340)] could not read dos header from C:\WINDOWS\System32\OLEAUT32.dll
[0911/170946.524:ERROR:process_memory_win.cc(73)] ReadMemory at 0x7ffe488f0000 of 64 bytes failed: Only part of a ReadProcessMemory or WriteProcessMemory request was completed. (0x12B)
[0911/170946.524:WARNING:pe_image_reader.cc(340)] could not read dos header from C:\WINDOWS\System32\msvcp_win.dll
[0911/170946.524:ERROR:process_memory_win.cc(73)] ReadMemory at 0x7ffe48500000 of 64 bytes failed: Only part of a ReadProcessMemory or WriteProcessMemory request was completed. (0x12B)
[0911/170946.524:WARNING:pe_image_reader.cc(340)] could not read dos header from C:\WINDOWS\System32\ucrtbase.dll
[0911/170946.524:ERROR:process_memory_win.cc(73)] ReadMemory at 0x7ffe4bbe0000 of 64 bytes failed: Only part of a ReadProcessMemory or WriteProcessMemory request was completed. (0x12B)
[0911/170946.524:WARNING:pe_image_reader.cc(340)] could not read dos header from C:\WINDOWS\System32\combase.dll
[0911/170946.524:ERROR:process_memory_win.cc(73)] ReadMemory at 0x7ffe487e0000 of 64 bytes failed: Only part of a ReadProcessMemory or WriteProcessMemory request was completed. (0x12B)
[0911/170946.524:WARNING:pe_image_reader.cc(340)] could not read dos header from C:\WINDOWS\System32\WINTRUST.dll
[0911/170946.524:ERROR:process_memory_win.cc(73)] ReadMemory at 0x7ffe47f30000 of 64 bytes failed: Only part of a ReadProcessMemory or WriteProcessMemory request was completed. (0x12B)
[0911/170946.524:WARNING:pe_image_reader.cc(340)] could not read dos header from C:\WINDOWS\System32\MSASN1.dll
[0911/170946.524:ERROR:process_memory_win.cc(73)] ReadMemory at 0x7ffe48600000 of 64 bytes failed: Only part of a ReadProcessMemory or WriteProcessMemory request was completed. (0x12B)
[0911/170946.524:WARNING:pe_image_reader.cc(340)] could not read dos header from C:\WINDOWS\System32\CRYPT32.dll
[0911/170946.525:ERROR:process_memory_win.cc(73)] ReadMemory at 0x7ffe474c0000 of 64 bytes failed: Only part of a ReadProcessMemory or WriteProcessMemory request was completed. (0x12B)
[0911/170946.525:WARNING:pe_image_reader.cc(340)] could not read dos header from C:\WINDOWS\SYSTEM32\IPHLPAPI.DLL
[0911/170946.525:ERROR:process_memory_win.cc(73)] ReadMemory at 0x7ffe44930000 of 64 bytes failed: Only part of a ReadProcessMemory or WriteProcessMemory request was completed. (0x12B)
[0911/170946.525:WARNING:pe_image_reader.cc(340)] could not read dos header from C:\WINDOWS\SYSTEM32\WINMM.dll
[0911/170946.525:ERROR:process_memory_win.cc(73)] ReadMemory at 0x7ffe291d0000 of 64 bytes failed: Only part of a ReadProcessMemory or WriteProcessMemory request was completed. (0x12B)
[0911/170946.525:WARNING:pe_image_reader.cc(340)] could not read dos header from C:\WINDOWS\SYSTEM32\UIAutomationCore.DLL
[0911/170946.525:ERROR:process_memory_win.cc(73)] ReadMemory at 0x7ffe34c50000 of 64 bytes failed: Only part of a ReadProcessMemory or WriteProcessMemory request was completed. (0x12B)
[0911/170946.525:WARNING:pe_image_reader.cc(340)] could not read dos header from C:\WINDOWS\SYSTEM32\Secur32.dll
[0911/170946.525:ERROR:process_memory_win.cc(73)] ReadMemory at 0x7ffe47e60000 of 64 bytes failed: Only part of a ReadProcessMemory or WriteProcessMemory request was completed. (0x12B)
[0911/170946.525:WARNING:pe_image_reader.cc(340)] could not read dos header from C:\WINDOWS\SYSTEM32\USERENV.dll
[0911/170946.525:ERROR:process_memory_win.cc(73)] ReadMemory at 0x7ffe47fb0000 of 64 bytes failed: Only part of a ReadProcessMemory or WriteProcessMemory request was completed. (0x12B)
[0911/170946.525:WARNING:pe_image_reader.cc(340)] could not read dos header from C:\WINDOWS\System32\profapi.dll
[0911/170946.525:ERROR:process_memory_win.cc(73)] ReadMemory at 0x7ffe428e0000 of 64 bytes failed: Only part of a ReadProcessMemory or WriteProcessMemory request was completed. (0x12B)
[0911/170946.525:WARNING:pe_image_reader.cc(340)] could not read dos header from C:\WINDOWS\SYSTEM32\DWrite.dll
[0911/170946.525:ERROR:process_memory_win.cc(73)] ReadMemory at 0x7ffe379f0000 of 64 bytes failed: Only part of a ReadProcessMemory or WriteProcessMemory request was completed. (0x12B)
[0911/170946.525:WARNING:pe_image_reader.cc(340)] could not read dos header from C:\WINDOWS\SYSTEM32\WINSPOOL.DRV
[0911/170946.526:ERROR:process_memory_win.cc(73)] ReadMemory at 0x7ffe47fe0000 of 64 bytes failed: Only part of a ReadProcessMemory or WriteProcessMemory request was completed. (0x12B)
[0911/170946.526:WARNING:pe_image_reader.cc(340)] could not read dos header from C:\WINDOWS\System32\kernel.appcore.dll
[0911/170946.526:ERROR:process_memory_win.cc(73)] ReadMemory at 0x7ffe484b0000 of 64 bytes failed: Only part of a ReadProcessMemory or WriteProcessMemory request was completed. (0x12B)
[0911/170946.526:WARNING:pe_image_reader.cc(340)] could not read dos header from C:\WINDOWS\System32\bcrypt.dll
[0911/170946.526:ERROR:process_memory_win.cc(73)] ReadMemory at 0x7ffe45f70000 of 64 bytes failed: Only part of a ReadProcessMemory or WriteProcessMemory request was completed. (0x12B)
[0911/170946.526:WARNING:pe_image_reader.cc(340)] could not read dos header from C:\WINDOWS\SYSTEM32\dbghelp.dll
[0911/170946.526:ERROR:process_memory_win.cc(73)] ReadMemory at 0x7ffe37d40000 of 64 bytes failed: Only part of a ReadProcessMemory or WriteProcessMemory request was completed. (0x12B)
[0911/170946.526:WARNING:pe_image_reader.cc(340)] could not read dos header from C:\WINDOWS\SYSTEM32\WINHTTP.dll
[0911/170946.526:ERROR:process_memory_win.cc(73)] ReadMemory at 0x7ffe3cfb0000 of 64 bytes failed: Only part of a ReadProcessMemory or WriteProcessMemory request was completed. (0x12B)
[0911/170946.526:WARNING:pe_image_reader.cc(340)] could not read dos header from C:\WINDOWS\SYSTEM32\dhcpcsvc.DLL
[0911/170946.526:ERROR:process_memory_win.cc(73)] ReadMemory at 0x7ffe4b710000 of 64 bytes failed: Only part of a ReadProcessMemory or WriteProcessMemory request was completed. (0x12B)
[0911/170946.526:WARNING:pe_image_reader.cc(340)] could not read dos header from C:\WINDOWS\System32\NSI.dll
[0911/170946.526:ERROR:process_memory_win.cc(73)] ReadMemory at 0x7ffe44900000 of 64 bytes failed: Only part of a ReadProcessMemory or WriteProcessMemory request was completed. (0x12B)
[0911/170946.526:WARNING:pe_image_reader.cc(340)] could not read dos header from C:\WINDOWS\SYSTEM32\WINMMBASE.dll
[0911/170946.526:ERROR:process_memory_win.cc(73)] ReadMemory at 0x7ffe48020000 of 64 bytes failed: Only part of a ReadProcessMemory or WriteProcessMemory request was completed. (0x12B)
[0911/170946.526:WARNING:pe_image_reader.cc(340)] could not read dos header from C:\WINDOWS\System32\cfgmgr32.dll
[0911/170946.527:ERROR:process_memory_win.cc(73)] ReadMemory at 0x7ffe367e0000 of 64 bytes failed: Only part of a ReadProcessMemory or WriteProcessMemory request was completed. (0x12B)
[0911/170946.527:WARNING:pe_image_reader.cc(340)] could not read dos header from C:\WINDOWS\SYSTEM32\Bcp47Langs.dll
[0911/170946.527:ERROR:process_memory_win.cc(73)] ReadMemory at 0x7ffe44580000 of 64 bytes failed: Only part of a ReadProcessMemory or WriteProcessMemory request was completed. (0x12B)
[0911/170946.527:WARNING:pe_image_reader.cc(340)] could not read dos header from C:\WINDOWS\SYSTEM32\PROPSYS.dll
[0911/170946.527:ERROR:process_memory_win.cc(73)] ReadMemory at 0x7ffe49500000 of 64 bytes failed: Only part of a ReadProcessMemory or WriteProcessMemory request was completed. (0x12B)
[0911/170946.527:WARNING:pe_image_reader.cc(340)] could not read dos header from C:\WINDOWS\System32\shcore.dll
[0911/170946.527:ERROR:process_memory_win.cc(73)] ReadMemory at 0x7ffe47e30000 of 64 bytes failed: Only part of a ReadProcessMemory or WriteProcessMemory request was completed. (0x12B)
[0911/170946.527:WARNING:pe_image_reader.cc(340)] could not read dos header from C:\WINDOWS\SYSTEM32\SSPICLI.DLL
[0911/170946.527:ERROR:process_memory_win.cc(73)] ReadMemory at 0x7ffe47970000 of 64 bytes failed: Only part of a ReadProcessMemory or WriteProcessMemory request was completed. (0x12B)
[0911/170946.527:WARNING:pe_image_reader.cc(340)] could not read dos header from C:\WINDOWS\SYSTEM32\CRYPTBASE.DLL
[0911/170946.527:ERROR:process_memory_win.cc(73)] ReadMemory at 0x7ff7c7650000 of 64 bytes failed: Only part of a ReadProcessMemory or WriteProcessMemory request was completed. (0x12B)
[0911/170946.527:WARNING:pe_image_reader.cc(340)] could not read dos header from C:\Program Files (x86)\Google\Chrome\Application\chrome.exe
[0911/170946.527:ERROR:process_memory_win.cc(73)] ReadMemory at 0x7ffe4bf40000 of 64 bytes failed: Only part of a ReadProcessMemory or WriteProcessMemory request was completed. (0x12B)
[0911/170946.527:WARNING:pe_image_reader.cc(340)] could not read dos header from C:\WINDOWS\SYSTEM32\ntdll.dll
[0911/170946.527:ERROR:process_memory_win.cc(73)] ReadMemory at 0x7ffe4b920000 of 64 bytes failed: Only part of a ReadProcessMemory or WriteProcessMemory request was completed. (0x12B)
[0911/170946.527:WARNING:pe_image_reader.cc(340)] could not read dos header from C:\WINDOWS\System32\KERNEL32.DLL
[0911/170946.528:ERROR:process_memory_win.cc(73)] ReadMemory at 0x7ffe48070000 of 64 bytes failed: Only part of a ReadProcessMemory or WriteProcessMemory request was completed. (0x12B)
[0911/170946.528:WARNING:pe_image_reader.cc(340)] could not read dos header from C:\WINDOWS\System32\KERNELBASE.dll
[0911/170946.528:ERROR:process_memory_win.cc(73)] ReadMemory at 0x7ffe1d2a0000 of 64 bytes failed: Only part of a ReadProcessMemory or WriteProcessMemory request was completed. (0x12B)
[0911/170946.528:WARNING:pe_image_reader.cc(340)] could not read dos header from C:\Program Files (x86)\Google\Chrome\Application\85.0.4183.102\chrome_elf.dll
[0911/170946.528:ERROR:process_memory_win.cc(73)] ReadMemory at 0x7ffe39800000 of 64 bytes failed: Only part of a ReadProcessMemory or WriteProcessMemory request was completed. (0x12B)
[0911/170946.528:WARNING:pe_image_reader.cc(340)] could not read dos header from C:\WINDOWS\SYSTEM32\VERSION.dll
[0911/170946.528:ERROR:process_memory_win.cc(73)] ReadMemory at 0x1ba4e880000 of 64 bytes failed: Only part of a ReadProcessMemory or WriteProcessMemory request was completed. (0x12B)
[0911/170946.528:WARNING:pe_image_reader.cc(340)] could not read dos header from C:\WINDOWS\System32\msvcrt.dll
[0911/170946.528:ERROR:process_memory_win.cc(73)] ReadMemory at 0x7ffe490e0000 of 64 bytes failed: Only part of a ReadProcessMemory or WriteProcessMemory request was completed. (0x12B)
[0911/170946.528:WARNING:pe_image_reader.cc(340)] could not read dos header from C:\WINDOWS\System32\bcryptPrimitives.dll
[0911/170946.528:ERROR:process_memory_win.cc(73)] ReadMemory at 0x7ffe4b5b0000 of 64 bytes failed: Only part of a ReadProcessMemory or WriteProcessMemory request was completed. (0x12B)
[0911/170946.528:WARNING:pe_image_reader.cc(340)] could not read dos header from C:\WINDOWS\System32\ADVAPI32.dll
[0911/170946.528:ERROR:process_memory_win.cc(73)] ReadMemory at 0x7ffe49460000 of 64 bytes failed: Only part of a ReadProcessMemory or WriteProcessMemory request was completed. (0x12B)
[0911/170946.528:WARNING:pe_image_reader.cc(340)] could not read dos header from C:\WINDOWS\System32\sechost.dll
[0911/170946.528:ERROR:process_memory_win.cc(73)] ReadMemory at 0x7ffe4bab0000 of 64 bytes failed: Only part of a ReadProcessMemory or WriteProcessMemory request was completed. (0x12B)
[0911/170946.529:WARNING:pe_image_reader.cc(340)] could not read dos header from C:\WINDOWS\System32\RPCRT4.dll
[0911/170946.529:ERROR:process_memory_win.cc(73)] ReadMemory at 0x7ffdd88d0000 of 64 bytes failed: Only part of a ReadProcessMemory or WriteProcessMemory request was completed. (0x12B)
[0911/170946.529:WARNING:pe_image_reader.cc(340)] could not read dos header from C:\Program Files (x86)\Google\Chrome\Application\85.0.4183.102\chrome.dll
[0911/170946.529:ERROR:process_memory_win.cc(73)] ReadMemory at 0x7ffe4b780000 of 64 bytes failed: Only part of a ReadProcessMemory or WriteProcessMemory request was completed. (0x12B)
[0911/170946.529:WARNING:pe_image_reader.cc(340)] could not read dos header from C:\WINDOWS\System32\WS2_32.dll
[0911/170946.529:ERROR:process_memory_win.cc(73)] ReadMemory at 0x7ffe49370000 of 64 bytes failed: Only part of a ReadProcessMemory or WriteProcessMemory request was completed. (0x12B)
[0911/170946.529:WARNING:pe_image_reader.cc(340)] could not read dos header from C:\WINDOWS\System32\OLEAUT32.dll
[0911/170946.529:ERROR:process_memory_win.cc(73)] ReadMemory at 0x7ffe488f0000 of 64 bytes failed: Only part of a ReadProcessMemory or WriteProcessMemory request was completed. (0x12B)
[0911/170946.529:WARNING:pe_image_reader.cc(340)] could not read dos header from C:\WINDOWS\System32\msvcp_win.dll
[0911/170946.529:ERROR:process_memory_win.cc(73)] ReadMemory at 0x7ffe48500000 of 64 bytes failed: Only part of a ReadProcessMemory or WriteProcessMemory request was completed. (0x12B)
[0911/170946.529:WARNING:pe_image_reader.cc(340)] could not read dos header from C:\WINDOWS\System32\ucrtbase.dll
[0911/170946.529:ERROR:process_memory_win.cc(73)] ReadMemory at 0x7ffe4bbe0000 of 64 bytes failed: Only part of a ReadProcessMemory or WriteProcessMemory request was completed. (0x12B)
[0911/170946.529:WARNING:pe_image_reader.cc(340)] could not read dos header from C:\WINDOWS\System32\combase.dll
[0911/170946.529:ERROR:process_memory_win.cc(73)] ReadMemory at 0x7ffe487e0000 of 64 bytes failed: Only part of a ReadProcessMemory or WriteProcessMemory request was completed. (0x12B)
[0911/170946.529:WARNING:pe_image_reader.cc(340)] could not read dos header from C:\WINDOWS\System32\WINTRUST.dll
[0911/170946.529:ERROR:process_memory_win.cc(73)] ReadMemory at 0x7ffe47f30000 of 64 bytes failed: Only part of a ReadProcessMemory or WriteProcessMemory request was completed. (0x12B)
[0911/170946.529:WARNING:pe_image_reader.cc(340)] could not read dos header from C:\WINDOWS\System32\MSASN1.dll
[0911/170946.530:ERROR:process_memory_win.cc(73)] ReadMemory at 0x7ffe48600000 of 64 bytes failed: Only part of a ReadProcessMemory or WriteProcessMemory request was completed. (0x12B)
[0911/170946.530:WARNING:pe_image_reader.cc(340)] could not read dos header from C:\WINDOWS\System32\CRYPT32.dll
[0911/170946.530:ERROR:process_memory_win.cc(73)] ReadMemory at 0x7ffe474c0000 of 64 bytes failed: Only part of a ReadProcessMemory or WriteProcessMemory request was completed. (0x12B)
[0911/170946.530:WARNING:pe_image_reader.cc(340)] could not read dos header from C:\WINDOWS\SYSTEM32\IPHLPAPI.DLL
[0911/170946.530:ERROR:process_memory_win.cc(73)] ReadMemory at 0x7ffe44930000 of 64 bytes failed: Only part of a ReadProcessMemory or WriteProcessMemory request was completed. (0x12B)
[0911/170946.530:WARNING:pe_image_reader.cc(340)] could not read dos header from C:\WINDOWS\SYSTEM32\WINMM.dll
[0911/170946.530:ERROR:process_memory_win.cc(73)] ReadMemory at 0x7ffe291d0000 of 64 bytes failed: Only part of a ReadProcessMemory or WriteProcessMemory request was completed. (0x12B)
[0911/170946.530:WARNING:pe_image_reader.cc(340)] could not read dos header from C:\WINDOWS\SYSTEM32\UIAutomationCore.DLL
[0911/170946.530:ERROR:process_memory_win.cc(73)] ReadMemory at 0x7ffe34c50000 of 64 bytes failed: Only part of a ReadProcessMemory or WriteProcessMemory request was completed. (0x12B)
[0911/170946.530:WARNING:pe_image_reader.cc(340)] could not read dos header from C:\WINDOWS\SYSTEM32\Secur32.dll
[0911/170946.530:ERROR:process_memory_win.cc(73)] ReadMemory at 0x7ffe47e60000 of 64 bytes failed: Only part of a ReadProcessMemory or WriteProcessMemory request was completed. (0x12B)
[0911/170946.530:WARNING:pe_image_reader.cc(340)] could not read dos header from C:\WINDOWS\SYSTEM32\USERENV.dll
[0911/170946.530:ERROR:process_memory_win.cc(73)] ReadMemory at 0x7ffe47fb0000 of 64 bytes failed: Only part of a ReadProcessMemory or WriteProcessMemory request was completed. (0x12B)
[0911/170946.530:WARNING:pe_image_reader.cc(340)] could not read dos header from C:\WINDOWS\System32\profapi.dll
[0911/170946.530:ERROR:process_memory_win.cc(73)] ReadMemory at 0x7ffe428e0000 of 64 bytes failed: Only part of a ReadProcessMemory or WriteProcessMemory request was completed. (0x12B)
[0911/170946.530:WARNING:pe_image_reader.cc(340)] could not read dos header from C:\WINDOWS\SYSTEM32\DWrite.dll
[0911/170946.531:ERROR:process_memory_win.cc(73)] ReadMemory at 0x7ffe379f0000 of 64 bytes failed: Only part of a ReadProcessMemory or WriteProcessMemory request was completed. (0x12B)
[0911/170946.531:WARNING:pe_image_reader.cc(340)] could not read dos header from C:\WINDOWS\SYSTEM32\WINSPOOL.DRV
[0911/170946.531:ERROR:process_memory_win.cc(73)] ReadMemory at 0x7ffe47fe0000 of 64 bytes failed: Only part of a ReadProcessMemory or WriteProcessMemory request was completed. (0x12B)
[0911/170946.531:WARNING:pe_image_reader.cc(340)] could not read dos header from C:\WINDOWS\System32\kernel.appcore.dll
[0911/170946.531:ERROR:process_memory_win.cc(73)] ReadMemory at 0x7ffe484b0000 of 64 bytes failed: Only part of a ReadProcessMemory or WriteProcessMemory request was completed. (0x12B)
[0911/170946.531:WARNING:pe_image_reader.cc(340)] could not read dos header from C:\WINDOWS\System32\bcrypt.dll
[0911/170946.531:ERROR:process_memory_win.cc(73)] ReadMemory at 0x7ffe45f70000 of 64 bytes failed: Only part of a ReadProcessMemory or WriteProcessMemory request was completed. (0x12B)
[0911/170946.531:WARNING:pe_image_reader.cc(340)] could not read dos header from C:\WINDOWS\SYSTEM32\dbghelp.dll
[0911/170946.531:ERROR:process_memory_win.cc(73)] ReadMemory at 0x7ffe37d40000 of 64 bytes failed: Only part of a ReadProcessMemory or WriteProcessMemory request was completed. (0x12B)
[0911/170946.531:WARNING:pe_image_reader.cc(340)] could not read dos header from C:\WINDOWS\SYSTEM32\WINHTTP.dll
[0911/170946.531:ERROR:process_memory_win.cc(73)] ReadMemory at 0x7ffe3cfb0000 of 64 bytes failed: Only part of a ReadProcessMemory or WriteProcessMemory request was completed. (0x12B)
[0911/170946.531:WARNING:pe_image_reader.cc(340)] could not read dos header from C:\WINDOWS\SYSTEM32\dhcpcsvc.DLL
[0911/170946.531:ERROR:process_memory_win.cc(73)] ReadMemory at 0x7ffe4b710000 of 64 bytes failed: Only part of a ReadProcessMemory or WriteProcessMemory request was completed. (0x12B)
[0911/170946.531:WARNING:pe_image_reader.cc(340)] could not read dos header from C:\WINDOWS\System32\NSI.dll
[0911/170946.531:ERROR:process_memory_win.cc(73)] ReadMemory at 0x7ffe44900000 of 64 bytes failed: Only part of a ReadProcessMemory or WriteProcessMemory request was completed. (0x12B)
[0911/170946.531:WARNING:pe_image_reader.cc(340)] could not read dos header from C:\WINDOWS\SYSTEM32\WINMMBASE.dll
[0911/170946.531:ERROR:process_memory_win.cc(73)] ReadMemory at 0x7ffe48020000 of 64 bytes failed: Only part of a ReadProcessMemory or WriteProcessMemory request was completed. (0x12B)
[0911/170946.532:WARNING:pe_image_reader.cc(340)] could not read dos header from C:\WINDOWS\System32\cfgmgr32.dll
[0911/170946.532:ERROR:process_memory_win.cc(73)] ReadMemory at 0x7ffe367e0000 of 64 bytes failed: Only part of a ReadProcessMemory or WriteProcessMemory request was completed. (0x12B)
[0911/170946.532:WARNING:pe_image_reader.cc(340)] could not read dos header from C:\WINDOWS\SYSTEM32\Bcp47Langs.dll
[0911/170946.532:ERROR:process_memory_win.cc(73)] ReadMemory at 0x7ffe44580000 of 64 bytes failed: Only part of a ReadProcessMemory or WriteProcessMemory request was completed. (0x12B)
[0911/170946.532:WARNING:pe_image_reader.cc(340)] could not read dos header from C:\WINDOWS\SYSTEM32\PROPSYS.dll
[0911/170946.532:ERROR:process_memory_win.cc(73)] ReadMemory at 0x7ffe49500000 of 64 bytes failed: Only part of a ReadProcessMemory or WriteProcessMemory request was completed. (0x12B)
[0911/170946.532:WARNING:pe_image_reader.cc(340)] could not read dos header from C:\WINDOWS\System32\shcore.dll
[0911/170946.532:ERROR:process_memory_win.cc(73)] ReadMemory at 0x7ffe47e30000 of 64 bytes failed: Only part of a ReadProcessMemory or WriteProcessMemory request was completed. (0x12B)
[0911/170946.532:WARNING:pe_image_reader.cc(340)] could not read dos header from C:\WINDOWS\SYSTEM32\SSPICLI.DLL
[0911/170946.532:ERROR:process_memory_win.cc(73)] ReadMemory at 0x7ffe47970000 of 64 bytes failed: Only part of a ReadProcessMemory or WriteProcessMemory request was completed. (0x12B)
[0911/170946.532:WARNING:pe_image_reader.cc(340)] could not read dos header from C:\WINDOWS\SYSTEM32\CRYPTBASE.DLL
[0911/170946.595:ERROR:process_memory_win.cc(73)] ReadMemory at 0x7fd706000 of 1024000 bytes failed: Only part of a ReadProcessMemory or WriteProcessMemory request was completed. (0x12B)
[0911/170946.596:ERROR:process_memory_win.cc(73)] ReadMemory at 0x7fdffd000 of 12288 bytes failed: Only part of a ReadProcessMemory or WriteProcessMemory request was completed. (0x12B)
[0911/170946.596:ERROR:process_memory_win.cc(73)] ReadMemory at 0x7feffc000 of 16384 bytes failed: Only part of a ReadProcessMemory or WriteProcessMemory request was completed. (0x12B)
[0911/170946.596:ERROR:process_memory_win.cc(73)] ReadMemory at 0x7ff7fb000 of 20480 bytes failed: Only part of a ReadProcessMemory or WriteProcessMemory request was completed. (0x12B)
[0911/170946.596:ERROR:process_memory_win.cc(73)] ReadMemory at 0x7ffffe000 of 8192 bytes failed: Only part of a ReadProcessMemory or WriteProcessMemory request was completed. (0x12B)
[0911/170946.597:ERROR:process_memory_win.cc(73)] ReadMemory at 0x7807fd000 of 12288 bytes failed: Only part of a ReadProcessMemory or WriteProcessMemory request was completed. (0x12B)
[0911/170946.597:ERROR:process_memory_win.cc(73)] ReadMemory at 0x780ffc000 of 16384 bytes failed: Only part of a ReadProcessMemory or WriteProcessMemory request was completed. (0x12B)
[0911/170946.597:ERROR:process_memory_win.cc(73)] ReadMemory at 0x781ffd000 of 12288 bytes failed: Only part of a ReadProcessMemory or WriteProcessMemory request was completed. (0x12B)
[0911/170946.597:ERROR:process_memory_win.cc(73)] ReadMemory at 0x7827fb000 of 20480 bytes failed: Only part of a ReadProcessMemory or WriteProcessMemory request was completed. (0x12B)
[0911/170946.597:ERROR:process_memory_win.cc(73)] ReadMemory at 0x782ffc000 of 16384 bytes failed: Only part of a ReadProcessMemory or WriteProcessMemory request was completed. (0x12B)
[0911/170946.597:ERROR:process_memory_win.cc(73)] ReadMemory at 0x7837fd000 of 12288 bytes failed: Only part of a ReadProcessMemory or WriteProcessMemory request was completed. (0x12B)
[0911/170946.597:ERROR:process_memory_win.cc(73)] ReadMemory at 0x7817fd000 of 12288 bytes failed: Only part of a ReadProcessMemory or WriteProcessMemory request was completed. (0x12B)
[0911/170946.597:ERROR:process_memory_win.cc(73)] ReadMemory at 0x7847fd000 of 12288 bytes failed: Only part of a ReadProcessMemory or WriteProcessMemory request was completed. (0x12B)
[0911/170946.597:ERROR:process_memory_win.cc(73)] ReadMemory at 0x783ff6000 of 40960 bytes failed: Only part of a ReadProcessMemory or WriteProcessMemory request was completed. (0x12B)
[0911/170946.597:ERROR:process_memory_win.cc(73)] ReadMemory at 0x784ffe000 of 8192 bytes failed: Only part of a ReadProcessMemory or WriteProcessMemory request was completed. (0x12B)
[0911/170946.597:ERROR:process_memory_win.cc(73)] ReadMemory at 0x7fce5b000 of 852 bytes failed: Only part of a ReadProcessMemory or WriteProcessMemory request was completed. (0x12B)
[0911/170946.598:ERROR:process_memory_win.cc(73)] ReadMemory at 0x7fce5c000 of 6024 bytes failed: Only part of a ReadProcessMemory or WriteProcessMemory request was completed. (0x12B)
[0911/170946.598:ERROR:process_memory_win.cc(73)] ReadMemory at 0x7fce5e000 of 6024 bytes failed: Only part of a ReadProcessMemory or WriteProcessMemory request was completed. (0x12B)
[0911/170946.598:ERROR:process_memory_win.cc(73)] ReadMemory at 0x7fce62000 of 6024 bytes failed: Only part of a ReadProcessMemory or WriteProcessMemory request was completed. (0x12B)
[0911/170946.598:ERROR:process_memory_win.cc(73)] ReadMemory at 0x7fce64000 of 6024 bytes failed: Only part of a ReadProcessMemory or WriteProcessMemory request was completed. (0x12B)
[0911/170946.598:ERROR:process_memory_win.cc(73)] ReadMemory at 0x7fce66000 of 6024 bytes failed: Only part of a ReadProcessMemory or WriteProcessMemory request was completed. (0x12B)
[0911/170946.598:ERROR:process_memory_win.cc(73)] ReadMemory at 0x7fce68000 of 6024 bytes failed: Only part of a ReadProcessMemory or WriteProcessMemory request was completed. (0x12B)
[0911/170946.598:ERROR:process_memory_win.cc(73)] ReadMemory at 0x7fce6a000 of 6024 bytes failed: Only part of a ReadProcessMemory or WriteProcessMemory request was completed. (0x12B)
[0911/170946.598:ERROR:process_memory_win.cc(73)] ReadMemory at 0x7fce6e000 of 6024 bytes failed: Only part of a ReadProcessMemory or WriteProcessMemory request was completed. (0x12B)
[0911/170946.598:ERROR:process_memory_win.cc(73)] ReadMemory at 0x7fce70000 of 6024 bytes failed: Only part of a ReadProcessMemory or WriteProcessMemory request was completed. (0x12B)
[0911/170946.599:ERROR:process_memory_win.cc(73)] ReadMemory at 0x7fce72000 of 6024 bytes failed: Only part of a ReadProcessMemory or WriteProcessMemory request was completed. (0x12B)
[0911/170946.599:ERROR:process_memory_win.cc(73)] ReadMemory at 0x7fce74000 of 6024 bytes failed: Only part of a ReadProcessMemory or WriteProcessMemory request was completed. (0x12B)
[0911/170946.599:ERROR:process_memory_win.cc(73)] ReadMemory at 0x7fce7a000 of 6024 bytes failed: Only part of a ReadProcessMemory or WriteProcessMemory request was completed. (0x12B)
[0911/170946.599:ERROR:process_memory_win.cc(73)] ReadMemory at 0x7fcf42000 of 6024 bytes failed: Only part of a ReadProcessMemory or WriteProcessMemory request was completed. (0x12B)
[0911/170946.599:ERROR:process_memory_win.cc(73)] ReadMemory at 0x7fcf4a000 of 6024 bytes failed: Only part of a ReadProcessMemory or WriteProcessMemory request was completed. (0x12B)
[0911/170946.599:ERROR:process_memory_win.cc(73)] ReadMemory at 0x7fcf4e000 of 6024 bytes failed: Only part of a ReadProcessMemory or WriteProcessMemory request was completed. (0x12B)
[0911/170946.599:ERROR:process_memory_win.cc(73)] ReadMemory at 0x1ba09163480 of 512 bytes failed: Only part of a ReadProcessMemory or WriteProcessMemory request was completed. (0x12B)
[0911/170946.599:ERROR:process_memory_win.cc(73)] ReadMemory at 0x1ba4e940fe0 of 18272 bytes failed: Only part of a ReadProcessMemory or WriteProcessMemory request was completed. (0x12B)
[0911/170946.599:ERROR:process_memory_win.cc(73)] ReadMemory at 0x1ba4e945750 of 1012 bytes failed: Only part of a ReadProcessMemory or WriteProcessMemory request was completed. (0x12B)
[0911/170946.599:ERROR:process_memory_win.cc(73)] ReadMemory at 0x1ba4e945d78 of 118 bytes failed: Only part of a ReadProcessMemory or WriteProcessMemory request was completed. (0x12B)
[0911/170946.600:ERROR:process_memory_win.cc(73)] ReadMemory at 0x1ba4e945df0 of 850 bytes failed: Only part of a ReadProcessMemory or WriteProcessMemory request was completed. (0x12B)
[0911/170946.600:ERROR:process_memory_win.cc(73)] ReadMemory at 0x1ba4e946144 of 118 bytes failed: Only part of a ReadProcessMemory or WriteProcessMemory request was completed. (0x12B)
[0911/170946.600:ERROR:process_memory_win.cc(73)] ReadMemory at 0x1ba4e9461bc of 102 bytes failed: Only part of a ReadProcessMemory or WriteProcessMemory request was completed. (0x12B)
[0911/170946.600:ERROR:process_memory_win.cc(73)] ReadMemory at 0x1ba4e946230 of 58 bytes failed: Only part of a ReadProcessMemory or WriteProcessMemory request was completed. (0x12B)
[0911/170946.600:ERROR:process_memory_win.cc(73)] ReadMemory at 0x1ba4e946330 of 132 bytes failed: Only part of a ReadProcessMemory or WriteProcessMemory request was completed. (0x12B)
[0911/170946.600:ERROR:process_memory_win.cc(73)] ReadMemory at 0x1ba4e9464c0 of 132 bytes failed: Only part of a ReadProcessMemory or WriteProcessMemory request was completed. (0x12B)
[0911/170946.600:ERROR:process_memory_win.cc(73)] ReadMemory at 0x1ba4e946680 of 126 bytes failed: Only part of a ReadProcessMemory or WriteProcessMemory request was completed. (0x12B)
[0911/170946.600:ERROR:process_memory_win.cc(73)] ReadMemory at 0x1ba4e946a60 of 132 bytes failed: Only part of a ReadProcessMemory or WriteProcessMemory request was completed. (0x12B)
[0911/170946.600:ERROR:process_memory_win.cc(73)] ReadMemory at 0x1ba4e946bf0 of 64 bytes failed: Only part of a ReadProcessMemory or WriteProcessMemory request was completed. (0x12B)
[0911/170946.600:ERROR:process_memory_win.cc(73)] ReadMemory at 0x1ba4e946db0 of 132 bytes failed: Only part of a ReadProcessMemory or WriteProcessMemory request was completed. (0x12B)
[0911/170946.600:ERROR:process_memory_win.cc(73)] ReadMemory at 0x1ba4e947050 of 132 bytes failed: Only part of a ReadProcessMemory or WriteProcessMemory request was completed. (0x12B)
[0911/170946.600:ERROR:process_memory_win.cc(73)] ReadMemory at 0x1ba4e9471e0 of 68 bytes failed: Only part of a ReadProcessMemory or WriteProcessMemory request was completed. (0x12B)
[0911/170946.601:ERROR:process_memory_win.cc(73)] ReadMemory at 0x1ba4e9481d0 of 132 bytes failed: Only part of a ReadProcessMemory or WriteProcessMemory request was completed. (0x12B)
[0911/170946.601:ERROR:process_memory_win.cc(73)] ReadMemory at 0x1ba4e948360 of 154 bytes failed: Only part of a ReadProcessMemory or WriteProcessMemory request was completed. (0x12B)
[0911/170946.601:ERROR:process_memory_win.cc(73)] ReadMemory at 0x1ba4e94a840 of 62 bytes failed: Only part of a ReadProcessMemory or WriteProcessMemory request was completed. (0x12B)
[0911/170946.601:ERROR:process_memory_win.cc(73)] ReadMemory at 0x1ba4e94a9a0 of 132 bytes failed: Only part of a ReadProcessMemory or WriteProcessMemory request was completed. (0x12B)
[0911/170946.601:ERROR:process_memory_win.cc(73)] ReadMemory at 0x1ba4e94ab30 of 60 bytes failed: Only part of a ReadProcessMemory or WriteProcessMemory request was completed. (0x12B)
[0911/170946.601:ERROR:process_memory_win.cc(73)] ReadMemory at 0x1ba4e959180 of 62 bytes failed: Only part of a ReadProcessMemory or WriteProcessMemory request was completed. (0x12B)
[0911/170946.601:ERROR:process_memory_win.cc(73)] ReadMemory at 0x1ba4e95b840 of 54 bytes failed: Only part of a ReadProcessMemory or WriteProcessMemory request was completed. (0x12B)
[0911/170946.601:ERROR:process_memory_win.cc(73)] ReadMemory at 0x1ba4e95dc70 of 132 bytes failed: Only part of a ReadProcessMemory or WriteProcessMemory request was completed. (0x12B)
[0911/170946.601:ERROR:process_memory_win.cc(73)] ReadMemory at 0x1ba4e95dfa0 of 132 bytes failed: Only part of a ReadProcessMemory or WriteProcessMemory request was completed. (0x12B)
[0911/170946.601:ERROR:process_memory_win.cc(73)] ReadMemory at 0x1ba4e95e0d0 of 132 bytes failed: Only part of a ReadProcessMemory or WriteProcessMemory request was completed. (0x12B)
[0911/170946.601:ERROR:process_memory_win.cc(73)] ReadMemory at 0x1ba4e95e200 of 132 bytes failed: Only part of a ReadProcessMemory or WriteProcessMemory request was completed. (0x12B)
[0911/170946.601:ERROR:process_memory_win.cc(73)] ReadMemory at 0x1ba4e95e330 of 132 bytes failed: Only part of a ReadProcessMemory or WriteProcessMemory request was completed. (0x12B)
[0911/170946.601:ERROR:process_memory_win.cc(73)] ReadMemory at 0x1ba4e95e460 of 132 bytes failed: Only part of a ReadProcessMemory or WriteProcessMemory request was completed. (0x12B)
[0911/170946.602:ERROR:process_memory_win.cc(73)] ReadMemory at 0x1ba4e95e6c0 of 132 bytes failed: Only part of a ReadProcessMemory or WriteProcessMemory request was completed. (0x12B)
[0911/170946.602:ERROR:process_memory_win.cc(73)] ReadMemory at 0x1ba4e95e7f0 of 132 bytes failed: Only part of a ReadProcessMemory or WriteProcessMemory request was completed. (0x12B)
[0911/170946.602:ERROR:process_memory_win.cc(73)] ReadMemory at 0x1ba4e95e920 of 132 bytes failed: Only part of a ReadProcessMemory or WriteProcessMemory request was completed. (0x12B)
[0911/170946.602:ERROR:process_memory_win.cc(73)] ReadMemory at 0x1ba4e95ea50 of 132 bytes failed: Only part of a ReadProcessMemory or WriteProcessMemory request was completed. (0x12B)
[0911/170946.602:ERROR:process_memory_win.cc(73)] ReadMemory at 0x1ba4e95eb80 of 132 bytes failed: Only part of a ReadProcessMemory or WriteProcessMemory request was completed. (0x12B)
[0911/170946.602:ERROR:process_memory_win.cc(73)] ReadMemory at 0x1ba4e95ecb0 of 132 bytes failed: Only part of a ReadProcessMemory or WriteProcessMemory request was completed. (0x12B)
[0911/170946.602:ERROR:process_memory_win.cc(73)] ReadMemory at 0x1ba4e95ede0 of 132 bytes failed: Only part of a ReadProcessMemory or WriteProcessMemory request was completed. (0x12B)
[0911/170946.602:ERROR:process_memory_win.cc(73)] ReadMemory at 0x1ba4e9633c0 of 80 bytes failed: Only part of a ReadProcessMemory or WriteProcessMemory request was completed. (0x12B)
[0911/170946.602:ERROR:process_memory_win.cc(73)] ReadMemory at 0x1ba4e964530 of 146 bytes failed: Only part of a ReadProcessMemory or WriteProcessMemory request was completed. (0x12B)
[0911/170946.602:ERROR:process_memory_win.cc(73)] ReadMemory at 0x1ba4e964630 of 132 bytes failed: Only part of a ReadProcessMemory or WriteProcessMemory request was completed. (0x12B)
[0911/170946.603:ERROR:process_memory_win.cc(73)] ReadMemory at 0x1ba4e9648f0 of 132 bytes failed: Only part of a ReadProcessMemory or WriteProcessMemory request was completed. (0x12B)
[0911/170946.603:ERROR:process_memory_win.cc(73)] ReadMemory at 0x1ba4e964a20 of 132 bytes failed: Only part of a ReadProcessMemory or WriteProcessMemory request was completed. (0x12B)
[0911/170946.603:ERROR:process_memory_win.cc(73)] ReadMemory at 0x1ba4e966920 of 132 bytes failed: Only part of a ReadProcessMemory or WriteProcessMemory request was completed. (0x12B)
[0911/170946.603:ERROR:process_memory_win.cc(73)] ReadMemory at 0x1ba4e968050 of 132 bytes failed: Only part of a ReadProcessMemory or WriteProcessMemory request was completed. (0x12B)
[0911/170946.603:ERROR:process_memory_win.cc(73)] ReadMemory at 0x1ba4e9683b0 of 132 bytes failed: Only part of a ReadProcessMemory or WriteProcessMemory request was completed. (0x12B)
[0911/170946.603:ERROR:process_memory_win.cc(73)] ReadMemory at 0x1ba4e9685c0 of 132 bytes failed: Only part of a ReadProcessMemory or WriteProcessMemory request was completed. (0x12B)
[0911/170946.603:ERROR:process_memory_win.cc(73)] ReadMemory at 0x1ba4e96a770 of 64 bytes failed: Only part of a ReadProcessMemory or WriteProcessMemory request was completed. (0x12B)
[0911/170946.603:ERROR:process_memory_win.cc(73)] ReadMemory at 0x1ba4e96a860 of 60 bytes failed: Only part of a ReadProcessMemory or WriteProcessMemory request was completed. (0x12B)
[0911/170946.603:ERROR:process_memory_win.cc(73)] ReadMemory at 0x1ba4e96a8b0 of 62 bytes failed: Only part of a ReadProcessMemory or WriteProcessMemory request was completed. (0x12B)
[0911/170946.603:ERROR:process_memory_win.cc(73)] ReadMemory at 0x1ba4e96a900 of 60 bytes failed: Only part of a ReadProcessMemory or WriteProcessMemory request was completed. (0x12B)
[0911/170946.603:ERROR:process_memory_win.cc(73)] ReadMemory at 0x1ba4e96aa40 of 64 bytes failed: Only part of a ReadProcessMemory or WriteProcessMemory request was completed. (0x12B)
[0911/170946.603:ERROR:process_memory_win.cc(73)] ReadMemory at 0x1ba4e96aa90 of 66 bytes failed: Only part of a ReadProcessMemory or WriteProcessMemory request was completed. (0x12B)
[0911/170946.604:ERROR:process_memory_win.cc(73)] ReadMemory at 0x1ba4e96aae0 of 62 bytes failed: Only part of a ReadProcessMemory or WriteProcessMemory request was completed. (0x12B)
[0911/170946.604:ERROR:process_memory_win.cc(73)] ReadMemory at 0x1ba4e96ab30 of 64 bytes failed: Only part of a ReadProcessMemory or WriteProcessMemory request was completed. (0x12B)
[0911/170946.604:ERROR:process_memory_win.cc(73)] ReadMemory at 0x1ba4e96abd0 of 62 bytes failed: Only part of a ReadProcessMemory or WriteProcessMemory request was completed. (0x12B)
[0911/170946.604:ERROR:process_memory_win.cc(73)] ReadMemory at 0x1ba4e96ac20 of 62 bytes failed: Only part of a ReadProcessMemory or WriteProcessMemory request was completed. (0x12B)
[0911/170946.604:ERROR:process_memory_win.cc(73)] ReadMemory at 0x1ba4e96ac70 of 62 bytes failed: Only part of a ReadProcessMemory or WriteProcessMemory request was completed. (0x12B)
[0911/170946.604:ERROR:process_memory_win.cc(73)] ReadMemory at 0x1ba4e96ad60 of 64 bytes failed: Only part of a ReadProcessMemory or WriteProcessMemory request was completed. (0x12B)
[0911/170946.604:ERROR:process_memory_win.cc(73)] ReadMemory at 0x1ba4e96adb0 of 62 bytes failed: Only part of a ReadProcessMemory or WriteProcessMemory request was completed. (0x12B)
[0911/170946.604:ERROR:process_memory_win.cc(73)] ReadMemory at 0x1ba4e96ae00 of 60 bytes failed: Only part of a ReadProcessMemory or WriteProcessMemory request was completed. (0x12B)
[0911/170946.604:ERROR:process_memory_win.cc(73)] ReadMemory at 0x1ba4e96ae50 of 62 bytes failed: Only part of a ReadProcessMemory or WriteProcessMemory request was completed. (0x12B)
[0911/170946.604:ERROR:process_memory_win.cc(73)] ReadMemory at 0x1ba4e96aea0 of 64 bytes failed: Only part of a ReadProcessMemory or WriteProcessMemory request was completed. (0x12B)
[0911/170946.604:ERROR:process_memory_win.cc(73)] ReadMemory at 0x1ba4e96aef0 of 64 bytes failed: Only part of a ReadProcessMemory or WriteProcessMemory request was completed. (0x12B)
[0911/170946.604:ERROR:process_memory_win.cc(73)] ReadMemory at 0x1ba4e96b030 of 66 bytes failed: Only part of a ReadProcessMemory or WriteProcessMemory request was completed. (0x12B)
[0911/170946.604:ERROR:process_memory_win.cc(73)] ReadMemory at 0x1ba4e96b080 of 64 bytes failed: Only part of a ReadProcessMemory or WriteProcessMemory request was completed. (0x12B)
[0911/170946.605:ERROR:process_memory_win.cc(73)] ReadMemory at 0x1ba4e96b0d0 of 64 bytes failed: Only part of a ReadProcessMemory or WriteProcessMemory request was completed. (0x12B)
[0911/170946.605:ERROR:process_memory_win.cc(73)] ReadMemory at 0x1ba4e96b210 of 68 bytes failed: Only part of a ReadProcessMemory or WriteProcessMemory request was completed. (0x12B)
[0911/170946.605:ERROR:process_memory_win.cc(73)] ReadMemory at 0x1ba4e96b2b0 of 60 bytes failed: Only part of a ReadProcessMemory or WriteProcessMemory request was completed. (0x12B)
[0911/170946.605:ERROR:process_memory_win.cc(73)] ReadMemory at 0x1ba4e96b300 of 62 bytes failed: Only part of a ReadProcessMemory or WriteProcessMemory request was completed. (0x12B)
[0911/170946.605:ERROR:process_memory_win.cc(73)] ReadMemory at 0x1ba4e96b3a0 of 58 bytes failed: Only part of a ReadProcessMemory or WriteProcessMemory request was completed. (0x12B)
[0911/170946.605:ERROR:process_memory_win.cc(73)] ReadMemory at 0x1ba4e96b440 of 60 bytes failed: Only part of a ReadProcessMemory or WriteProcessMemory request was completed. (0x12B)
[0911/170946.605:ERROR:process_memory_win.cc(73)] ReadMemory at 0x1ba4e96b530 of 62 bytes failed: Only part of a ReadProcessMemory or WriteProcessMemory request was completed. (0x12B)
[0911/170946.605:ERROR:process_memory_win.cc(73)] ReadMemory at 0x1ba4e96b580 of 60 bytes failed: Only part of a ReadProcessMemory or WriteProcessMemory request was completed. (0x12B)
[0911/170946.605:ERROR:process_memory_win.cc(73)] ReadMemory at 0x1ba4e96c740 of 132 bytes failed: Only part of a ReadProcessMemory or WriteProcessMemory request was completed. (0x12B)
[0911/170946.605:ERROR:process_memory_win.cc(73)] ReadMemory at 0x1ba4e96c870 of 132 bytes failed: Only part of a ReadProcessMemory or WriteProcessMemory request was completed. (0x12B)
[0911/170946.605:ERROR:process_memory_win.cc(73)] ReadMemory at 0x1ba4e96f3e0 of 80 bytes failed: Only part of a ReadProcessMemory or WriteProcessMemory request was completed. (0x12B)
[0911/170946.605:ERROR:process_memory_win.cc(73)] ReadMemory at 0x1ba4e96f7a0 of 76 bytes failed: Only part of a ReadProcessMemory or WriteProcessMemory request was completed. (0x12B)
[0911/170946.606:ERROR:process_memory_win.cc(73)] ReadMemory at 0x1ba4e96ffd0 of 132 bytes failed: Only part of a ReadProcessMemory or WriteProcessMemory request was completed. (0x12B)
[0911/170946.606:ERROR:process_memory_win.cc(73)] ReadMemory at 0x1ba4e970490 of 132 bytes failed: Only part of a ReadProcessMemory or WriteProcessMemory request was completed. (0x12B)
[0911/170946.606:ERROR:process_memory_win.cc(73)] ReadMemory at 0x1ba4e9705c0 of 132 bytes failed: Only part of a ReadProcessMemory or WriteProcessMemory request was completed. (0x12B)
[0911/170946.606:ERROR:process_memory_win.cc(73)] ReadMemory at 0x1ba4e9706f0 of 132 bytes failed: Only part of a ReadProcessMemory or WriteProcessMemory request was completed. (0x12B)
[0911/170946.606:ERROR:process_memory_win.cc(73)] ReadMemory at 0x1ba4e970820 of 132 bytes failed: Only part of a ReadProcessMemory or WriteProcessMemory request was completed. (0x12B)
[0911/170946.606:ERROR:process_memory_win.cc(73)] ReadMemory at 0x1ba4e970a80 of 132 bytes failed: Only part of a ReadProcessMemory or WriteProcessMemory request was completed. (0x12B)
[0911/170946.606:ERROR:process_memory_win.cc(73)] ReadMemory at 0x1ba4e970bb0 of 132 bytes failed: Only part of a ReadProcessMemory or WriteProcessMemory request was completed. (0x12B)
[0911/170946.606:ERROR:process_memory_win.cc(73)] ReadMemory at 0x1ba4e970e10 of 132 bytes failed: Only part of a ReadProcessMemory or WriteProcessMemory request was completed. (0x12B)
[0911/170946.606:ERROR:process_memory_win.cc(73)] ReadMemory at 0x1ba4e9712d0 of 132 bytes failed: Only part of a ReadProcessMemory or WriteProcessMemory request was completed. (0x12B)
[0911/170946.606:ERROR:process_memory_win.cc(73)] ReadMemory at 0x1ba4e971790 of 132 bytes failed: Only part of a ReadProcessMemory or WriteProcessMemory request was completed. (0x12B)
[0911/170946.606:ERROR:process_memory_win.cc(73)] ReadMemory at 0x1ba4e971b20 of 132 bytes failed: Only part of a ReadProcessMemory or WriteProcessMemory request was completed. (0x12B)
[0911/170946.607:ERROR:process_memory_win.cc(73)] ReadMemory at 0x1ba4e9c08b0 of 512 bytes failed: Only part of a ReadProcessMemory or WriteProcessMemory request was completed. (0x12B)
[0911/170946.607:ERROR:process_memory_win.cc(73)] ReadMemory at 0x1ba4e9d3d40 of 512 bytes failed: Only part of a ReadProcessMemory or WriteProcessMemory request was completed. (0x12B)
[0911/170946.607:ERROR:process_memory_win.cc(73)] ReadMemory at 0x1ba4e9de310 of 512 bytes failed: Only part of a ReadProcessMemory or WriteProcessMemory request was completed. (0x12B)
[0911/170946.607:ERROR:process_memory_win.cc(73)] ReadMemory at 0x1ba4ea06c30 of 512 bytes failed: Only part of a ReadProcessMemory or WriteProcessMemory request was completed. (0x12B)
[0911/170946.607:ERROR:process_memory_win.cc(73)] ReadMemory at 0x1ba4ea0a6a0 of 512 bytes failed: Only part of a ReadProcessMemory or WriteProcessMemory request was completed. (0x12B)
[0911/170946.607:ERROR:process_memory_win.cc(73)] ReadMemory at 0x1ba4ea1cf70 of 712 bytes failed: Only part of a ReadProcessMemory or WriteProcessMemory request was completed. (0x12B)
[0911/170946.607:ERROR:process_memory_win.cc(73)] ReadMemory at 0x1ba4ea38698 of 512 bytes failed: Only part of a ReadProcessMemory or WriteProcessMemory request was completed. (0x12B)
[0911/170946.607:ERROR:process_memory_win.cc(73)] ReadMemory at 0x1ba4ea40dc0 of 512 bytes failed: Only part of a ReadProcessMemory or WriteProcessMemory request was completed. (0x12B)
[0911/170946.607:ERROR:process_memory_win.cc(73)] ReadMemory at 0x1ba4ea42200 of 512 bytes failed: Only part of a ReadProcessMemory or WriteProcessMemory request was completed. (0x12B)
[0911/170946.607:ERROR:process_memory_win.cc(73)] ReadMemory at 0x1ba501e1e00 of 512 bytes failed: Only part of a ReadProcessMemory or WriteProcessMemory request was completed. (0x12B)
[0911/170946.607:ERROR:process_memory_win.cc(73)] ReadMemory at 0x1ba502576a0 of 512 bytes failed: Only part of a ReadProcessMemory or WriteProcessMemory request was completed. (0x12B)
[0911/170946.607:ERROR:process_memory_win.cc(73)] ReadMemory at 0x1ba50372b40 of 512 bytes failed: Only part of a ReadProcessMemory or WriteProcessMemory request was completed. (0x12B)
[0911/170946.608:ERROR:process_memory_win.cc(73)] ReadMemory at 0x1ba50376a34 of 1072 bytes failed: Only part of a ReadProcessMemory or WriteProcessMemory request was completed. (0x12B)
[0911/170946.608:ERROR:process_memory_win.cc(73)] ReadMemory at 0x1ba521f0a90 of 512 bytes failed: Only part of a ReadProcessMemory or WriteProcessMemory request was completed. (0x12B)
[0911/170946.800:ERROR:process_memory_win.cc(73)] ReadMemory at 0x1ba54486dd0 of 512 bytes failed: Only part of a ReadProcessMemory or WriteProcessMemory request was completed. (0x12B)
[0911/170946.800:ERROR:process_memory_win.cc(73)] ReadMemory at 0x1ba6ce9edf0 of 512 bytes failed: Only part of a ReadProcessMemory or WriteProcessMemory request was completed. (0x12B)
[0911/170946.800:ERROR:process_memory_win.cc(73)] ReadMemory at 0x1ba78935df0 of 512 bytes failed: Only part of a ReadProcessMemory or WriteProcessMemory request was completed. (0x12B)
[0911/170946.801:ERROR:process_memory_win.cc(73)] ReadMemory at 0x1ba7efff440 of 848 bytes failed: Only part of a ReadProcessMemory or WriteProcessMemory request was completed. (0x12B)
[0911/170946.801:ERROR:process_memory_win.cc(73)] ReadMemory at 0x1ba7f1f5b80 of 512 bytes failed: Only part of a ReadProcessMemory or WriteProcessMemory request was completed. (0x12B)
[0911/170946.801:ERROR:process_memory_win.cc(73)] ReadMemory at 0x1ba7f26e5e0 of 512 bytes failed: Only part of a ReadProcessMemory or WriteProcessMemory request was completed. (0x12B)
[0911/170946.801:ERROR:process_memory_win.cc(73)] ReadMemory at 0x1ba7f26fb40 of 512 bytes failed: Only part of a ReadProcessMemory or WriteProcessMemory request was completed. (0x12B)
[0911/170946.801:ERROR:process_memory_win.cc(73)] ReadMemory at 0x4f682a601060 of 512 bytes failed: Only part of a ReadProcessMemory or WriteProcessMemory request was completed. (0x12B)
[0911/170946.801:ERROR:process_memory_win.cc(73)] ReadMemory at 0x4f682a674000 of 384 bytes failed: Only part of a ReadProcessMemory or WriteProcessMemory request was completed. (0x12B)
[0911/170946.802:ERROR:process_memory_win.cc(73)] ReadMemory at 0x5d9d0817ff80 of 512 bytes failed: Only part of a ReadProcessMemory or WriteProcessMemory request was completed. (0x12B)
[0911/170946.802:ERROR:process_memory_win.cc(73)] ReadMemory at 0x7ffddac87133 of 512 bytes failed: Only part of a ReadProcessMemory or WriteProcessMemory request was completed. (0x12B)
[0911/170946.802:ERROR:process_memory_win.cc(73)] ReadMemory at 0x7ffe1d2d5160 of 512 bytes failed: Only part of a ReadProcessMemory or WriteProcessMemory request was completed. (0x12B)
[0911/170946.802:ERROR:process_memory_win.cc(73)] ReadMemory at 0x7ffe1d2d5867 of 512 bytes failed: Only part of a ReadProcessMemory or WriteProcessMemory request was completed. (0x12B)
[0911/170946.802:ERROR:process_memory_win.cc(73)] ReadMemory at 0x7ffe4b9421f0 of 512 bytes failed: Only part of a ReadProcessMemory or WriteProcessMemory request was completed. (0x12B)
[0911/170946.803:ERROR:process_memory_win.cc(73)] ReadMemory at 0x7ffe4bf8ff00 of 512 bytes failed: Only part of a ReadProcessMemory or WriteProcessMemory request was completed. (0x12B)
[0911/170946.803:ERROR:process_memory_win.cc(73)] ReadMemory at 0x7ffe4bfdf754 of 672 bytes failed: Only part of a ReadProcessMemory or WriteProcessMemory request was completed. (0x12B)
[0911/170946.803:ERROR:process_memory_win.cc(73)] ReadMemory at 0x7ffe4bfe2fe4 of 608 bytes failed: Only part of a ReadProcessMemory or WriteProcessMemory request was completed. (0x12B)
[0911/170946.803:ERROR:process_memory_win.cc(73)] ReadMemory at 0x7ffe4c06c0c8 of 18 bytes failed: Only part of a ReadProcessMemory or WriteProcessMemory request was completed. (0x12B)
[0911/170946.803:ERROR:process_memory_win.cc(73)] ReadMemory at 0x7ffe4c09f4f8 of 40 bytes failed: Only part of a ReadProcessMemory or WriteProcessMemory request was completed. (0x12B)
[0911/170946.803:ERROR:process_memory_win.cc(73)] ReadMemory at 0x7ffe4c09f978 of 48 bytes failed: Only part of a ReadProcessMemory or WriteProcessMemory request was completed. (0x12B)
[0911/170946.804:ERROR:process_memory_win.cc(73)] ReadMemory at 0x7ffe4c0a53c0 of 64 bytes failed: Only part of a ReadProcessMemory or WriteProcessMemory request was completed. (0x12B)
[0911/170946.886:ERROR:scoped_process_suspend.cc(40)] NtResumeProcess: An attempt was made to access an exiting process. (0xc000010a)
